<?xml version="1.0" encoding="UTF-8"?>
<testng-results ignored="0" total="1" passed="1" failed="0" skipped="0">
  <reporter-output>
  </reporter-output>
  <suite started-at="2021-05-22T06:19:24 IST" name="Default suite" finished-at="2021-05-22T06:19:30 IST" duration-ms="6378">
    <groups>
    </groups>
    <test started-at="2021-05-22T06:19:24 IST" name="Default test" finished-at="2021-05-22T06:19:30 IST" duration-ms="6378">
      <class name="scripts.CreateaRepro">
        <test-method signature="postrequest()[pri:0, instance:scripts.CreateaRepro@6236eb5f]" started-at="2021-05-22T06:19:24 IST" name="postrequest" finished-at="2021-05-22T06:19:30 IST" duration-ms="6272" status="PASS">
          <reporter-output>
          </reporter-output>
        </test-method> <!-- postrequest -->
      </class> <!-- scripts.CreateaRepro -->
    </test> <!-- Default test -->
  </suite> <!-- Default suite -->
</testng-results>
