<?xml version="1.0" encoding="UTF-8"?>
<testng-results ignored="0" total="1" passed="1" failed="0" skipped="0">
  <reporter-output>
  </reporter-output>
  <suite started-at="2021-05-21T06:21:56 IST" name="Default suite" finished-at="2021-05-21T06:22:01 IST" duration-ms="5202">
    <groups>
    </groups>
    <test started-at="2021-05-21T06:21:56 IST" name="Default test" finished-at="2021-05-21T06:22:01 IST" duration-ms="5202">
      <class name="scripts.Test0">
        <test-method signature="demo()[pri:0, instance:scripts.Test0@6236eb5f]" started-at="2021-05-21T06:21:56 IST" name="demo" finished-at="2021-05-21T06:22:01 IST" duration-ms="5109" status="PASS">
          <reporter-output>
          </reporter-output>
        </test-method> <!-- demo -->
      </class> <!-- scripts.Test0 -->
    </test> <!-- Default test -->
  </suite> <!-- Default suite -->
</testng-results>
